{"/home/syedq/Desktop/Blinkist/blinkist/src/App.tsx": {"path":"/home/syedq/Desktop/Blinkist/blinkist/src/App.tsx","statementMap":{"0":{"start":{"line":25,"column":2},"end":{"line":44,"column":4}}},"fnMap":{"0":{"name":"App","decl":{"start":{"line":24,"column":9},"end":{"line":24,"column":12}},"loc":{"start":{"line":24,"column":15},"end":{"line":45,"column":1}},"line":24}},"branchMap":{},"s":{"0":0},"f":{"0":0},"b":{}}
,"/home/syedq/Desktop/Blinkist/blinkist/src/CardProps.tsx": {"path":"/home/syedq/Desktop/Blinkist/blinkist/src/CardProps.tsx","statementMap":{},"fnMap":{},"branchMap":{},"s":{},"f":{},"b":{}}
,"/home/syedq/Desktop/Blinkist/blinkist/src/index.tsx": {"path":"/home/syedq/Desktop/Blinkist/blinkist/src/index.tsx","statementMap":{"0":{"start":{"line":7,"column":1},"end":{"line":12,"column":2}},"1":{"start":{"line":18,"column":0},"end":{"line":18,"column":18}}},"fnMap":{},"branchMap":{},"s":{"0":0,"1":0},"f":{},"b":{}}
,"/home/syedq/Desktop/Blinkist/blinkist/src/reportWebVitals.js": {"path":"/home/syedq/Desktop/Blinkist/blinkist/src/reportWebVitals.js","statementMap":{"0":{"start":{"line":2,"column":0},"end":{"line":2,"column":26}},"1":{"start":{"line":3,"column":22},"end":{"line":14,"column":1}},"2":{"start":{"line":4,"column":4},"end":{"line":13,"column":5}},"3":{"start":{"line":5,"column":8},"end":{"line":12,"column":11}},"4":{"start":{"line":5,"column":45},"end":{"line":5,"column":74}},"5":{"start":{"line":6,"column":25},"end":{"line":6,"column":34}},"6":{"start":{"line":6,"column":45},"end":{"line":6,"column":54}},"7":{"start":{"line":6,"column":65},"end":{"line":6,"column":74}},"8":{"start":{"line":6,"column":85},"end":{"line":6,"column":94}},"9":{"start":{"line":6,"column":106},"end":{"line":6,"column":116}},"10":{"start":{"line":7,"column":12},"end":{"line":7,"column":32}},"11":{"start":{"line":8,"column":12},"end":{"line":8,"column":32}},"12":{"start":{"line":9,"column":12},"end":{"line":9,"column":32}},"13":{"start":{"line":10,"column":12},"end":{"line":10,"column":32}},"14":{"start":{"line":11,"column":12},"end":{"line":11,"column":33}},"15":{"start":{"line":15,"column":0},"end":{"line":15,"column":37}}},"fnMap":{"0":{"name":"(anonymous_0)","decl":{"start":{"line":3,"column":22},"end":{"line":3,"column":23}},"loc":{"start":{"line":3,"column":45},"end":{"line":14,"column":1}},"line":3},"1":{"name":"(anonymous_1)","decl":{"start":{"line":5,"column":31},"end":{"line":5,"column":32}},"loc":{"start":{"line":5,"column":43},"end":{"line":5,"column":76}},"line":5},"2":{"name":"(anonymous_2)","decl":{"start":{"line":5,"column":83},"end":{"line":5,"column":84}},"loc":{"start":{"line":5,"column":97},"end":{"line":12,"column":9}},"line":5}},"branchMap":{"0":{"loc":{"start":{"line":4,"column":4},"end":{"line":13,"column":5}},"type":"if","locations":[{"start":{"line":4,"column":4},"end":{"line":13,"column":5}},{"start":{},"end":{}}],"line":4},"1":{"loc":{"start":{"line":4,"column":8},"end":{"line":4,"column":54}},"type":"binary-expr","locations":[{"start":{"line":4,"column":8},"end":{"line":4,"column":19}},{"start":{"line":4,"column":23},"end":{"line":4,"column":54}}],"line":4}},"s":{"0":0,"1":0,"2":0,"3":0,"4":0,"5":0,"6":0,"7":0,"8":0,"9":0,"10":0,"11":0,"12":0,"13":0,"14":0,"15":0},"f":{"0":0,"1":0,"2":0},"b":{"0":[0,0],"1":[0,0]}}
,"/home/syedq/Desktop/Blinkist/blinkist/src/reportWebVitals.ts": {"path":"/home/syedq/Desktop/Blinkist/blinkist/src/reportWebVitals.ts","statementMap":{"0":{"start":{"line":3,"column":24},"end":{"line":13,"column":1}},"1":{"start":{"line":4,"column":2},"end":{"line":12,"column":3}},"2":{"start":{"line":5,"column":4},"end":{"line":11,"column":7}},"3":{"start":{"line":6,"column":6},"end":{"line":6,"column":26}},"4":{"start":{"line":7,"column":6},"end":{"line":7,"column":26}},"5":{"start":{"line":8,"column":6},"end":{"line":8,"column":26}},"6":{"start":{"line":9,"column":6},"end":{"line":9,"column":26}},"7":{"start":{"line":10,"column":6},"end":{"line":10,"column":27}}},"fnMap":{"0":{"name":"(anonymous_0)","decl":{"start":{"line":3,"column":24},"end":{"line":3,"column":25}},"loc":{"start":{"line":3,"column":57},"end":{"line":13,"column":1}},"line":3},"1":{"name":"(anonymous_1)","decl":{"start":{"line":5,"column":30},"end":{"line":5,"column":31}},"loc":{"start":{"line":5,"column":79},"end":{"line":11,"column":5}},"line":5}},"branchMap":{"0":{"loc":{"start":{"line":4,"column":2},"end":{"line":12,"column":3}},"type":"if","locations":[{"start":{"line":4,"column":2},"end":{"line":12,"column":3}},{"start":{},"end":{}}],"line":4},"1":{"loc":{"start":{"line":4,"column":6},"end":{"line":4,"column":52}},"type":"binary-expr","locations":[{"start":{"line":4,"column":6},"end":{"line":4,"column":17}},{"start":{"line":4,"column":21},"end":{"line":4,"column":52}}],"line":4}},"s":{"0":0,"1":0,"2":0,"3":0,"4":0,"5":0,"6":0,"7":0},"f":{"0":0,"1":0},"b":{"0":[0,0],"1":[0,0]}}
,"/home/syedq/Desktop/Blinkist/blinkist/src/components/atoms/Avatar/Avatar.stories.tsx": {"path":"/home/syedq/Desktop/Blinkist/blinkist/src/components/atoms/Avatar/Avatar.stories.tsx","statementMap":{"0":{"start":{"line":6,"column":23},"end":{"line":6,"column":39}},"1":{"start":{"line":6,"column":29},"end":{"line":6,"column":39}}},"fnMap":{"0":{"name":"(anonymous_0)","decl":{"start":{"line":6,"column":23},"end":{"line":6,"column":24}},"loc":{"start":{"line":6,"column":29},"end":{"line":6,"column":39}},"line":6}},"branchMap":{},"s":{"0":0,"1":0},"f":{"0":0},"b":{}}
,"/home/syedq/Desktop/Blinkist/blinkist/src/components/atoms/Avatar/Avatar.tsx": {"path":"/home/syedq/Desktop/Blinkist/blinkist/src/components/atoms/Avatar/Avatar.tsx","statementMap":{"0":{"start":{"line":5,"column":17},"end":{"line":9,"column":1}},"1":{"start":{"line":6,"column":2},"end":{"line":8,"column":3}}},"fnMap":{"0":{"name":"(anonymous_0)","decl":{"start":{"line":5,"column":17},"end":{"line":5,"column":18}},"loc":{"start":{"line":5,"column":23},"end":{"line":9,"column":1}},"line":5}},"branchMap":{},"s":{"0":1,"1":1},"f":{"0":1},"b":{},"_coverageSchema":"1a1c01bbd47fc00a2c39e90264f33305004495a9","hash":"118bf1df1cb16143c531793fdcbb63912c336c68"}
,"/home/syedq/Desktop/Blinkist/blinkist/src/components/atoms/MyButton/MyButton.stories.tsx": {"path":"/home/syedq/Desktop/Blinkist/blinkist/src/components/atoms/MyButton/MyButton.stories.tsx","statementMap":{"0":{"start":{"line":12,"column":23},"end":{"line":12,"column":87}},"1":{"start":{"line":12,"column":27},"end":{"line":12,"column":87}},"2":{"start":{"line":13,"column":25},"end":{"line":13,"column":98}},"3":{"start":{"line":13,"column":29},"end":{"line":13,"column":98}},"4":{"start":{"line":14,"column":23},"end":{"line":14,"column":91}},"5":{"start":{"line":14,"column":27},"end":{"line":14,"column":91}}},"fnMap":{"0":{"name":"(anonymous_0)","decl":{"start":{"line":12,"column":23},"end":{"line":12,"column":24}},"loc":{"start":{"line":12,"column":27},"end":{"line":12,"column":87}},"line":12},"1":{"name":"(anonymous_1)","decl":{"start":{"line":13,"column":25},"end":{"line":13,"column":26}},"loc":{"start":{"line":13,"column":29},"end":{"line":13,"column":98}},"line":13},"2":{"name":"(anonymous_2)","decl":{"start":{"line":14,"column":23},"end":{"line":14,"column":24}},"loc":{"start":{"line":14,"column":27},"end":{"line":14,"column":91}},"line":14}},"branchMap":{},"s":{"0":0,"1":0,"2":0,"3":0,"4":0,"5":0},"f":{"0":0,"1":0,"2":0},"b":{}}
,"/home/syedq/Desktop/Blinkist/blinkist/src/components/atoms/MyButton/MyButton.tsx": {"path":"/home/syedq/Desktop/Blinkist/blinkist/src/components/atoms/MyButton/MyButton.tsx","statementMap":{"0":{"start":{"line":7,"column":15},"end":{"line":13,"column":1}},"1":{"start":{"line":8,"column":2},"end":{"line":12,"column":3}}},"fnMap":{"0":{"name":"(anonymous_0)","decl":{"start":{"line":7,"column":15},"end":{"line":7,"column":16}},"loc":{"start":{"line":7,"column":28},"end":{"line":13,"column":1}},"line":7}},"branchMap":{},"s":{"0":1,"1":1},"f":{"0":1},"b":{},"_coverageSchema":"1a1c01bbd47fc00a2c39e90264f33305004495a9","hash":"5011d45e57ae4c5d1a1f56e5200c13e9f224ceca"}
,"/home/syedq/Desktop/Blinkist/blinkist/src/components/molecules/Banner/Banner.stories.tsx": {"path":"/home/syedq/Desktop/Blinkist/blinkist/src/components/molecules/Banner/Banner.stories.tsx","statementMap":{"0":{"start":{"line":11,"column":23},"end":{"line":11,"column":38}},"1":{"start":{"line":11,"column":28},"end":{"line":11,"column":38}}},"fnMap":{"0":{"name":"(anonymous_0)","decl":{"start":{"line":11,"column":23},"end":{"line":11,"column":24}},"loc":{"start":{"line":11,"column":28},"end":{"line":11,"column":38}},"line":11}},"branchMap":{},"s":{"0":0,"1":0},"f":{"0":0},"b":{}}
,"/home/syedq/Desktop/Blinkist/blinkist/src/components/molecules/Banner/Banner.tsx": {"path":"/home/syedq/Desktop/Blinkist/blinkist/src/components/molecules/Banner/Banner.tsx","statementMap":{"0":{"start":{"line":9,"column":15},"end":{"line":42,"column":1}},"1":{"start":{"line":10,"column":4},"end":{"line":41,"column":5}}},"fnMap":{"0":{"name":"(anonymous_0)","decl":{"start":{"line":9,"column":15},"end":{"line":9,"column":16}},"loc":{"start":{"line":9,"column":43},"end":{"line":42,"column":1}},"line":9}},"branchMap":{},"s":{"0":1,"1":1},"f":{"0":1},"b":{},"_coverageSchema":"1a1c01bbd47fc00a2c39e90264f33305004495a9","hash":"88a85991d0d1f58036edd530d2c08aaaae43fde7"}
,"/home/syedq/Desktop/Blinkist/blinkist/src/components/molecules/Explore/Explore.stories.tsx": {"path":"/home/syedq/Desktop/Blinkist/blinkist/src/components/molecules/Explore/Explore.stories.tsx","statementMap":{"0":{"start":{"line":11,"column":23},"end":{"line":11,"column":39}},"1":{"start":{"line":11,"column":28},"end":{"line":11,"column":39}}},"fnMap":{"0":{"name":"(anonymous_0)","decl":{"start":{"line":11,"column":23},"end":{"line":11,"column":24}},"loc":{"start":{"line":11,"column":28},"end":{"line":11,"column":39}},"line":11}},"branchMap":{},"s":{"0":0,"1":0},"f":{"0":0},"b":{}}
,"/home/syedq/Desktop/Blinkist/blinkist/src/components/molecules/Explore/Explore.tsx": {"path":"/home/syedq/Desktop/Blinkist/blinkist/src/components/molecules/Explore/Explore.tsx","statementMap":{"0":{"start":{"line":8,"column":14},"end":{"line":31,"column":1}},"1":{"start":{"line":9,"column":26},"end":{"line":9,"column":47}},"2":{"start":{"line":10,"column":21},"end":{"line":10,"column":40}},"3":{"start":{"line":10,"column":27},"end":{"line":10,"column":40}},"4":{"start":{"line":11,"column":22},"end":{"line":11,"column":42}},"5":{"start":{"line":11,"column":28},"end":{"line":11,"column":42}},"6":{"start":{"line":12,"column":2},"end":{"line":30,"column":3}}},"fnMap":{"0":{"name":"(anonymous_0)","decl":{"start":{"line":8,"column":14},"end":{"line":8,"column":15}},"loc":{"start":{"line":8,"column":19},"end":{"line":31,"column":1}},"line":8},"1":{"name":"(anonymous_1)","decl":{"start":{"line":10,"column":21},"end":{"line":10,"column":22}},"loc":{"start":{"line":10,"column":27},"end":{"line":10,"column":40}},"line":10},"2":{"name":"(anonymous_2)","decl":{"start":{"line":11,"column":22},"end":{"line":11,"column":23}},"loc":{"start":{"line":11,"column":28},"end":{"line":11,"column":42}},"line":11}},"branchMap":{},"s":{"0":0,"1":0,"2":0,"3":0,"4":0,"5":0,"6":0},"f":{"0":0,"1":0,"2":0},"b":{}}
,"/home/syedq/Desktop/Blinkist/blinkist/src/components/molecules/Explore/ExploreTab.tsx": {"path":"/home/syedq/Desktop/Blinkist/blinkist/src/components/molecules/Explore/ExploreTab.tsx","statementMap":{"0":{"start":{"line":15,"column":20},"end":{"line":65,"column":1}},"1":{"start":{"line":16,"column":37},"end":{"line":16,"column":49}},"2":{"start":{"line":18,"column":2},"end":{"line":23,"column":7}},"3":{"start":{"line":19,"column":6},"end":{"line":22,"column":30}},"4":{"start":{"line":20,"column":18},"end":{"line":20,"column":28}},"5":{"start":{"line":22,"column":8},"end":{"line":22,"column":28}},"6":{"start":{"line":24,"column":28},"end":{"line":24,"column":47}},"7":{"start":{"line":26,"column":23},"end":{"line":28,"column":3}},"8":{"start":{"line":27,"column":4},"end":{"line":27,"column":23}},"9":{"start":{"line":29,"column":21},"end":{"line":47,"column":3}},"10":{"start":{"line":30,"column":4},"end":{"line":46,"column":5}},"11":{"start":{"line":33,"column":8},"end":{"line":42,"column":15}},"12":{"start":{"line":49,"column":2},"end":{"line":64,"column":4}}},"fnMap":{"0":{"name":"(anonymous_0)","decl":{"start":{"line":15,"column":20},"end":{"line":15,"column":21}},"loc":{"start":{"line":15,"column":25},"end":{"line":65,"column":1}},"line":15},"1":{"name":"(anonymous_1)","decl":{"start":{"line":18,"column":12},"end":{"line":18,"column":13}},"loc":{"start":{"line":18,"column":16},"end":{"line":23,"column":3}},"line":18},"2":{"name":"(anonymous_2)","decl":{"start":{"line":20,"column":12},"end":{"line":20,"column":13}},"loc":{"start":{"line":20,"column":18},"end":{"line":20,"column":28}},"line":20},"3":{"name":"(anonymous_3)","decl":{"start":{"line":21,"column":12},"end":{"line":21,"column":13}},"loc":{"start":{"line":21,"column":20},"end":{"line":22,"column":29}},"line":21},"4":{"name":"(anonymous_4)","decl":{"start":{"line":26,"column":23},"end":{"line":26,"column":24}},"loc":{"start":{"line":26,"column":74},"end":{"line":28,"column":3}},"line":26},"5":{"name":"(anonymous_5)","decl":{"start":{"line":29,"column":21},"end":{"line":29,"column":22}},"loc":{"start":{"line":29,"column":25},"end":{"line":47,"column":3}},"line":29},"6":{"name":"(anonymous_6)","decl":{"start":{"line":32,"column":23},"end":{"line":32,"column":24}},"loc":{"start":{"line":33,"column":8},"end":{"line":42,"column":15}},"line":33}},"branchMap":{},"s":{"0":1,"1":2,"2":2,"3":2,"4":0,"5":0,"6":2,"7":2,"8":0,"9":2,"10":2,"11":0,"12":2},"f":{"0":2,"1":2,"2":0,"3":0,"4":0,"5":2,"6":0},"b":{},"_coverageSchema":"1a1c01bbd47fc00a2c39e90264f33305004495a9","hash":"5e0a073dc2456df9eeebbed5846a0beca17b892f"}
,"/home/syedq/Desktop/Blinkist/blinkist/src/components/molecules/Footer/Footer.stories.tsx": {"path":"/home/syedq/Desktop/Blinkist/blinkist/src/components/molecules/Footer/Footer.stories.tsx","statementMap":{"0":{"start":{"line":11,"column":23},"end":{"line":11,"column":38}},"1":{"start":{"line":11,"column":28},"end":{"line":11,"column":38}}},"fnMap":{"0":{"name":"(anonymous_0)","decl":{"start":{"line":11,"column":23},"end":{"line":11,"column":24}},"loc":{"start":{"line":11,"column":28},"end":{"line":11,"column":38}},"line":11}},"branchMap":{},"s":{"0":0,"1":0},"f":{"0":0},"b":{}}
,"/home/syedq/Desktop/Blinkist/blinkist/src/components/molecules/Footer/Footer.tsx": {"path":"/home/syedq/Desktop/Blinkist/blinkist/src/components/molecules/Footer/Footer.tsx","statementMap":{"0":{"start":{"line":6,"column":15},"end":{"line":97,"column":1}},"1":{"start":{"line":7,"column":4},"end":{"line":96,"column":5}}},"fnMap":{"0":{"name":"(anonymous_0)","decl":{"start":{"line":6,"column":15},"end":{"line":6,"column":16}},"loc":{"start":{"line":6,"column":21},"end":{"line":97,"column":1}},"line":6}},"branchMap":{},"s":{"0":0,"1":0},"f":{"0":0},"b":{}}
,"/home/syedq/Desktop/Blinkist/blinkist/src/components/molecules/MyCard/MyCard.stories.tsx": {"path":"/home/syedq/Desktop/Blinkist/blinkist/src/components/molecules/MyCard/MyCard.stories.tsx","statementMap":{"0":{"start":{"line":13,"column":23},"end":{"line":13,"column":135}},"1":{"start":{"line":13,"column":28},"end":{"line":13,"column":135}}},"fnMap":{"0":{"name":"(anonymous_0)","decl":{"start":{"line":13,"column":23},"end":{"line":13,"column":24}},"loc":{"start":{"line":13,"column":28},"end":{"line":13,"column":135}},"line":13}},"branchMap":{},"s":{"0":0,"1":0},"f":{"0":0},"b":{}}
,"/home/syedq/Desktop/Blinkist/blinkist/src/components/molecules/MyCard/MyCard.tsx": {"path":"/home/syedq/Desktop/Blinkist/blinkist/src/components/molecules/MyCard/MyCard.tsx","statementMap":{"0":{"start":{"line":20,"column":15},"end":{"line":68,"column":1}},"1":{"start":{"line":22,"column":9},"end":{"line":67,"column":4}},"2":{"start":{"line":46,"column":17},"end":{"line":53,"column":18}},"3":{"start":{"line":47,"column":21},"end":{"line":52,"column":22}}},"fnMap":{"0":{"name":"(anonymous_0)","decl":{"start":{"line":20,"column":15},"end":{"line":20,"column":16}},"loc":{"start":{"line":20,"column":41},"end":{"line":68,"column":1}},"line":20},"1":{"name":"(anonymous_1)","decl":{"start":{"line":45,"column":17},"end":{"line":45,"column":18}},"loc":{"start":{"line":45,"column":23},"end":{"line":54,"column":14}},"line":45}},"branchMap":{"0":{"loc":{"start":{"line":46,"column":17},"end":{"line":53,"column":18}},"type":"if","locations":[{"start":{"line":46,"column":17},"end":{"line":53,"column":18}},{"start":{},"end":{}}],"line":46}},"s":{"0":0,"1":0,"2":0,"3":0},"f":{"0":0,"1":0},"b":{"0":[0,0]}}
,"/home/syedq/Desktop/Blinkist/blinkist/src/components/molecules/MyTab/MyTab.stories.tsx": {"path":"/home/syedq/Desktop/Blinkist/blinkist/src/components/molecules/MyTab/MyTab.stories.tsx","statementMap":{"0":{"start":{"line":11,"column":23},"end":{"line":11,"column":37}},"1":{"start":{"line":11,"column":28},"end":{"line":11,"column":37}}},"fnMap":{"0":{"name":"(anonymous_0)","decl":{"start":{"line":11,"column":23},"end":{"line":11,"column":24}},"loc":{"start":{"line":11,"column":28},"end":{"line":11,"column":37}},"line":11}},"branchMap":{},"s":{"0":0,"1":0},"f":{"0":0},"b":{}}
,"/home/syedq/Desktop/Blinkist/blinkist/src/components/molecules/MyTab/MyTab.tsx": {"path":"/home/syedq/Desktop/Blinkist/blinkist/src/components/molecules/MyTab/MyTab.tsx","statementMap":{"0":{"start":{"line":10,"column":17},"end":{"line":33,"column":1}},"1":{"start":{"line":11,"column":28},"end":{"line":11,"column":47}},"2":{"start":{"line":13,"column":23},"end":{"line":15,"column":3}},"3":{"start":{"line":14,"column":4},"end":{"line":14,"column":23}},"4":{"start":{"line":17,"column":2},"end":{"line":32,"column":4}}},"fnMap":{"0":{"name":"(anonymous_0)","decl":{"start":{"line":10,"column":17},"end":{"line":10,"column":18}},"loc":{"start":{"line":10,"column":23},"end":{"line":33,"column":1}},"line":10},"1":{"name":"(anonymous_1)","decl":{"start":{"line":13,"column":23},"end":{"line":13,"column":24}},"loc":{"start":{"line":13,"column":74},"end":{"line":15,"column":3}},"line":13}},"branchMap":{},"s":{"0":0,"1":0,"2":0,"3":0,"4":0},"f":{"0":0,"1":0},"b":{}}
,"/home/syedq/Desktop/Blinkist/blinkist/src/components/molecules/Rendercards/Rendercards.stories.tsx": {"path":"/home/syedq/Desktop/Blinkist/blinkist/src/components/molecules/Rendercards/Rendercards.stories.tsx","statementMap":{"0":{"start":{"line":14,"column":23},"end":{"line":14,"column":54}},"1":{"start":{"line":14,"column":28},"end":{"line":14,"column":54}}},"fnMap":{"0":{"name":"(anonymous_0)","decl":{"start":{"line":14,"column":23},"end":{"line":14,"column":24}},"loc":{"start":{"line":14,"column":28},"end":{"line":14,"column":54}},"line":14}},"branchMap":{},"s":{"0":0,"1":0},"f":{"0":0},"b":{}}
,"/home/syedq/Desktop/Blinkist/blinkist/src/components/molecules/Rendercards/Rendercards.tsx": {"path":"/home/syedq/Desktop/Blinkist/blinkist/src/components/molecules/Rendercards/Rendercards.tsx","statementMap":{"0":{"start":{"line":16,"column":20},"end":{"line":117,"column":1}},"1":{"start":{"line":17,"column":32},"end":{"line":17,"column":44}},"2":{"start":{"line":18,"column":2},"end":{"line":22,"column":9}},"3":{"start":{"line":19,"column":4},"end":{"line":21,"column":7}},"4":{"start":{"line":20,"column":6},"end":{"line":20,"column":32}},"5":{"start":{"line":24,"column":2},"end":{"line":116,"column":4}},"6":{"start":{"line":27,"column":8},"end":{"line":68,"column":9}},"7":{"start":{"line":28,"column":10},"end":{"line":67,"column":12}},"8":{"start":{"line":43,"column":22},"end":{"line":45,"column":25}},"9":{"start":{"line":46,"column":22},"end":{"line":46,"column":47}},"10":{"start":{"line":70,"column":8},"end":{"line":113,"column":9}},"11":{"start":{"line":71,"column":10},"end":{"line":112,"column":12}},"12":{"start":{"line":83,"column":18},"end":{"line":85,"column":21}},"13":{"start":{"line":86,"column":18},"end":{"line":86,"column":43}}},"fnMap":{"0":{"name":"(anonymous_0)","decl":{"start":{"line":16,"column":20},"end":{"line":16,"column":21}},"loc":{"start":{"line":16,"column":35},"end":{"line":117,"column":1}},"line":16},"1":{"name":"(anonymous_1)","decl":{"start":{"line":18,"column":12},"end":{"line":18,"column":13}},"loc":{"start":{"line":18,"column":18},"end":{"line":22,"column":3}},"line":18},"2":{"name":"(anonymous_2)","decl":{"start":{"line":19,"column":50},"end":{"line":19,"column":51}},"loc":{"start":{"line":19,"column":64},"end":{"line":21,"column":5}},"line":19},"3":{"name":"(anonymous_3)","decl":{"start":{"line":26,"column":19},"end":{"line":26,"column":20}},"loc":{"start":{"line":26,"column":40},"end":{"line":114,"column":7}},"line":26},"4":{"name":"(anonymous_4)","decl":{"start":{"line":42,"column":29},"end":{"line":42,"column":30}},"loc":{"start":{"line":42,"column":35},"end":{"line":47,"column":21}},"line":42},"5":{"name":"(anonymous_5)","decl":{"start":{"line":82,"column":25},"end":{"line":82,"column":26}},"loc":{"start":{"line":82,"column":31},"end":{"line":87,"column":17}},"line":82}},"branchMap":{"0":{"loc":{"start":{"line":27,"column":8},"end":{"line":68,"column":9}},"type":"if","locations":[{"start":{"line":27,"column":8},"end":{"line":68,"column":9}},{"start":{},"end":{}}],"line":27},"1":{"loc":{"start":{"line":27,"column":12},"end":{"line":27,"column":68}},"type":"binary-expr","locations":[{"start":{"line":27,"column":12},"end":{"line":27,"column":39}},{"start":{"line":27,"column":43},"end":{"line":27,"column":68}}],"line":27},"2":{"loc":{"start":{"line":70,"column":8},"end":{"line":113,"column":9}},"type":"if","locations":[{"start":{"line":70,"column":8},"end":{"line":113,"column":9}},{"start":{},"end":{}}],"line":70},"3":{"loc":{"start":{"line":70,"column":12},"end":{"line":70,"column":76}},"type":"binary-expr","locations":[{"start":{"line":70,"column":12},"end":{"line":70,"column":43}},{"start":{"line":70,"column":47},"end":{"line":70,"column":76}}],"line":70}},"s":{"0":0,"1":0,"2":0,"3":0,"4":0,"5":0,"6":0,"7":0,"8":0,"9":0,"10":0,"11":0,"12":0,"13":0},"f":{"0":0,"1":0,"2":0,"3":0,"4":0,"5":0},"b":{"0":[0,0],"1":[0,0],"2":[0,0],"3":[0,0]}}
,"/home/syedq/Desktop/Blinkist/blinkist/src/components/organisms/AppBar/AppBar.stories.tsx": {"path":"/home/syedq/Desktop/Blinkist/blinkist/src/components/organisms/AppBar/AppBar.stories.tsx","statementMap":{"0":{"start":{"line":13,"column":23},"end":{"line":13,"column":38}},"1":{"start":{"line":13,"column":28},"end":{"line":13,"column":38}}},"fnMap":{"0":{"name":"(anonymous_0)","decl":{"start":{"line":13,"column":23},"end":{"line":13,"column":24}},"loc":{"start":{"line":13,"column":28},"end":{"line":13,"column":38}},"line":13}},"branchMap":{},"s":{"0":0,"1":0},"f":{"0":0},"b":{}}
,"/home/syedq/Desktop/Blinkist/blinkist/src/components/organisms/AppBar/AppBar.tsx": {"path":"/home/syedq/Desktop/Blinkist/blinkist/src/components/organisms/AppBar/AppBar.tsx","statementMap":{"0":{"start":{"line":17,"column":17},"end":{"line":47,"column":1}},"1":{"start":{"line":18,"column":2},"end":{"line":46,"column":4}}},"fnMap":{"0":{"name":"(anonymous_0)","decl":{"start":{"line":17,"column":17},"end":{"line":17,"column":18}},"loc":{"start":{"line":17,"column":23},"end":{"line":47,"column":1}},"line":17}},"branchMap":{},"s":{"0":0,"1":0},"f":{"0":0},"b":{}}
,"/home/syedq/Desktop/Blinkist/blinkist/src/components/organisms/LibTab/LibTab.stories.tsx": {"path":"/home/syedq/Desktop/Blinkist/blinkist/src/components/organisms/LibTab/LibTab.stories.tsx","statementMap":{"0":{"start":{"line":13,"column":23},"end":{"line":13,"column":37}},"1":{"start":{"line":13,"column":28},"end":{"line":13,"column":37}}},"fnMap":{"0":{"name":"(anonymous_0)","decl":{"start":{"line":13,"column":23},"end":{"line":13,"column":24}},"loc":{"start":{"line":13,"column":28},"end":{"line":13,"column":37}},"line":13}},"branchMap":{},"s":{"0":0,"1":0},"f":{"0":0},"b":{}}
,"/home/syedq/Desktop/Blinkist/blinkist/src/components/organisms/LibTab/LibTab.tsx": {"path":"/home/syedq/Desktop/Blinkist/blinkist/src/components/organisms/LibTab/LibTab.tsx","statementMap":{"0":{"start":{"line":8,"column":13},"end":{"line":38,"column":1}},"1":{"start":{"line":10,"column":18},"end":{"line":26,"column":3}},"2":{"start":{"line":28,"column":2},"end":{"line":37,"column":4}},"3":{"start":{"line":30,"column":6},"end":{"line":30,"column":58}},"4":{"start":{"line":34,"column":8},"end":{"line":34,"column":73}}},"fnMap":{"0":{"name":"(anonymous_0)","decl":{"start":{"line":8,"column":13},"end":{"line":8,"column":14}},"loc":{"start":{"line":8,"column":18},"end":{"line":38,"column":1}},"line":8},"1":{"name":"(anonymous_1)","decl":{"start":{"line":29,"column":35},"end":{"line":29,"column":36}},"loc":{"start":{"line":30,"column":6},"end":{"line":30,"column":58}},"line":30},"2":{"name":"(anonymous_2)","decl":{"start":{"line":33,"column":31},"end":{"line":33,"column":32}},"loc":{"start":{"line":34,"column":8},"end":{"line":34,"column":73}},"line":34}},"branchMap":{},"s":{"0":0,"1":0,"2":0,"3":0,"4":0},"f":{"0":0,"1":0,"2":0},"b":{}}
,"/home/syedq/Desktop/Blinkist/blinkist/src/components/organisms/LibTab/NavTabs.tsx": {"path":"/home/syedq/Desktop/Blinkist/blinkist/src/components/organisms/LibTab/NavTabs.tsx","statementMap":{"0":{"start":{"line":14,"column":14},"end":{"line":21,"column":2}},"1":{"start":{"line":24,"column":16},"end":{"line":50,"column":1}},"2":{"start":{"line":26,"column":28},"end":{"line":26,"column":47}},"3":{"start":{"line":28,"column":23},"end":{"line":31,"column":3}},"4":{"start":{"line":29,"column":4},"end":{"line":29,"column":23}},"5":{"start":{"line":33,"column":2},"end":{"line":49,"column":4}}},"fnMap":{"0":{"name":"(anonymous_0)","decl":{"start":{"line":24,"column":16},"end":{"line":24,"column":17}},"loc":{"start":{"line":24,"column":45},"end":{"line":50,"column":1}},"line":24},"1":{"name":"(anonymous_1)","decl":{"start":{"line":28,"column":23},"end":{"line":28,"column":24}},"loc":{"start":{"line":28,"column":74},"end":{"line":31,"column":3}},"line":28}},"branchMap":{},"s":{"0":0,"1":0,"2":0,"3":0,"4":0,"5":0},"f":{"0":0,"1":0},"b":{}}
,"/home/syedq/Desktop/Blinkist/blinkist/src/components/pages/BookDetailViewPage.tsx": {"path":"/home/syedq/Desktop/Blinkist/blinkist/src/components/pages/BookDetailViewPage.tsx","statementMap":{"0":{"start":{"line":14,"column":27},"end":{"line":93,"column":4}},"1":{"start":{"line":16,"column":19},"end":{"line":16,"column":32}},"2":{"start":{"line":17,"column":21},"end":{"line":17,"column":35}},"3":{"start":{"line":18,"column":19},"end":{"line":18,"column":32}},"4":{"start":{"line":19,"column":32},"end":{"line":19,"column":55}},"5":{"start":{"line":20,"column":18},"end":{"line":26,"column":3}},"6":{"start":{"line":21,"column":18},"end":{"line":21,"column":77}},"7":{"start":{"line":22,"column":4},"end":{"line":22,"column":27}},"8":{"start":{"line":24,"column":4},"end":{"line":24,"column":27}},"9":{"start":{"line":27,"column":2},"end":{"line":27,"column":33}},"10":{"start":{"line":27,"column":20},"end":{"line":27,"column":29}},"11":{"start":{"line":29,"column":30},"end":{"line":33,"column":3}},"12":{"start":{"line":31,"column":4},"end":{"line":31,"column":87}},"13":{"start":{"line":32,"column":4},"end":{"line":32,"column":17}},"14":{"start":{"line":34,"column":29},"end":{"line":38,"column":3}},"15":{"start":{"line":36,"column":4},"end":{"line":36,"column":91}},"16":{"start":{"line":37,"column":4},"end":{"line":37,"column":17}},"17":{"start":{"line":40,"column":0},"end":{"line":93,"column":3}},"18":{"start":{"line":64,"column":32},"end":{"line":64,"column":59}},"19":{"start":{"line":69,"column":34},"end":{"line":69,"column":62}}},"fnMap":{"0":{"name":"(anonymous_0)","decl":{"start":{"line":14,"column":27},"end":{"line":14,"column":28}},"loc":{"start":{"line":14,"column":33},"end":{"line":93,"column":4}},"line":14},"1":{"name":"(anonymous_1)","decl":{"start":{"line":20,"column":18},"end":{"line":20,"column":19}},"loc":{"start":{"line":20,"column":30},"end":{"line":26,"column":3}},"line":20},"2":{"name":"(anonymous_2)","decl":{"start":{"line":27,"column":12},"end":{"line":27,"column":13}},"loc":{"start":{"line":27,"column":18},"end":{"line":27,"column":31}},"line":27},"3":{"name":"(anonymous_3)","decl":{"start":{"line":29,"column":30},"end":{"line":29,"column":31}},"loc":{"start":{"line":29,"column":64},"end":{"line":33,"column":3}},"line":29},"4":{"name":"(anonymous_4)","decl":{"start":{"line":34,"column":29},"end":{"line":34,"column":30}},"loc":{"start":{"line":34,"column":63},"end":{"line":38,"column":3}},"line":34},"5":{"name":"(anonymous_5)","decl":{"start":{"line":64,"column":21},"end":{"line":64,"column":22}},"loc":{"start":{"line":64,"column":32},"end":{"line":64,"column":59}},"line":64},"6":{"name":"(anonymous_6)","decl":{"start":{"line":69,"column":23},"end":{"line":69,"column":24}},"loc":{"start":{"line":69,"column":34},"end":{"line":69,"column":62}},"line":69}},"branchMap":{},"s":{"0":0,"1":0,"2":0,"3":0,"4":0,"5":0,"6":0,"7":0,"8":0,"9":0,"10":0,"11":0,"12":0,"13":0,"14":0,"15":0,"16":0,"17":0,"18":0,"19":0},"f":{"0":0,"1":0,"2":0,"3":0,"4":0,"5":0,"6":0},"b":{}}
,"/home/syedq/Desktop/Blinkist/blinkist/src/components/pages/EntrepreneurshipPage.tsx": {"path":"/home/syedq/Desktop/Blinkist/blinkist/src/components/pages/EntrepreneurshipPage.tsx","statementMap":{"0":{"start":{"line":18,"column":29},"end":{"line":270,"column":1}},"1":{"start":{"line":19,"column":19},"end":{"line":19,"column":32}},"2":{"start":{"line":21,"column":32},"end":{"line":21,"column":44}},"3":{"start":{"line":22,"column":48},"end":{"line":22,"column":60}},"4":{"start":{"line":23,"column":40},"end":{"line":23,"column":52}},"5":{"start":{"line":25,"column":19},"end":{"line":36,"column":3}},"6":{"start":{"line":26,"column":4},"end":{"line":35,"column":6}},"7":{"start":{"line":37,"column":2},"end":{"line":41,"column":9}},"8":{"start":{"line":38,"column":4},"end":{"line":40,"column":7}},"9":{"start":{"line":39,"column":6},"end":{"line":39,"column":32}},"10":{"start":{"line":43,"column":22},"end":{"line":56,"column":3}},"11":{"start":{"line":44,"column":4},"end":{"line":44,"column":32}},"12":{"start":{"line":45,"column":4},"end":{"line":55,"column":5}},"13":{"start":{"line":46,"column":27},"end":{"line":51,"column":8}},"14":{"start":{"line":47,"column":8},"end":{"line":50,"column":47}},"15":{"start":{"line":52,"column":6},"end":{"line":52,"column":39}},"16":{"start":{"line":54,"column":6},"end":{"line":54,"column":34}},"17":{"start":{"line":58,"column":2},"end":{"line":269,"column":4}},"18":{"start":{"line":67,"column":10},"end":{"line":67,"column":41}},"19":{"start":{"line":84,"column":14},"end":{"line":125,"column":15}},"20":{"start":{"line":85,"column":16},"end":{"line":124,"column":17}},"21":{"start":{"line":86,"column":18},"end":{"line":123,"column":20}},"22":{"start":{"line":98,"column":26},"end":{"line":119,"column":27}},"23":{"start":{"line":99,"column":28},"end":{"line":103,"column":30}},"24":{"start":{"line":105,"column":28},"end":{"line":118,"column":30}},"25":{"start":{"line":110,"column":36},"end":{"line":112,"column":39}},"26":{"start":{"line":128,"column":14},"end":{"line":169,"column":15}},"27":{"start":{"line":129,"column":16},"end":{"line":168,"column":17}},"28":{"start":{"line":130,"column":18},"end":{"line":167,"column":20}},"29":{"start":{"line":142,"column":26},"end":{"line":163,"column":27}},"30":{"start":{"line":143,"column":28},"end":{"line":147,"column":30}},"31":{"start":{"line":149,"column":28},"end":{"line":162,"column":30}},"32":{"start":{"line":154,"column":36},"end":{"line":156,"column":39}},"33":{"start":{"line":178,"column":10},"end":{"line":219,"column":11}},"34":{"start":{"line":179,"column":12},"end":{"line":218,"column":13}},"35":{"start":{"line":180,"column":14},"end":{"line":217,"column":16}},"36":{"start":{"line":192,"column":22},"end":{"line":213,"column":23}},"37":{"start":{"line":193,"column":24},"end":{"line":197,"column":26}},"38":{"start":{"line":199,"column":24},"end":{"line":212,"column":26}},"39":{"start":{"line":204,"column":32},"end":{"line":206,"column":35}},"40":{"start":{"line":227,"column":10},"end":{"line":264,"column":11}},"41":{"start":{"line":228,"column":12},"end":{"line":263,"column":13}},"42":{"start":{"line":229,"column":14},"end":{"line":262,"column":16}},"43":{"start":{"line":241,"column":22},"end":{"line":258,"column":23}},"44":{"start":{"line":242,"column":24},"end":{"line":242,"column":49}},"45":{"start":{"line":244,"column":24},"end":{"line":257,"column":26}},"46":{"start":{"line":249,"column":32},"end":{"line":251,"column":35}}},"fnMap":{"0":{"name":"(anonymous_0)","decl":{"start":{"line":18,"column":29},"end":{"line":18,"column":30}},"loc":{"start":{"line":18,"column":35},"end":{"line":270,"column":1}},"line":18},"1":{"name":"(anonymous_1)","decl":{"start":{"line":25,"column":19},"end":{"line":25,"column":20}},"loc":{"start":{"line":25,"column":25},"end":{"line":36,"column":3}},"line":25},"2":{"name":"(anonymous_2)","decl":{"start":{"line":37,"column":12},"end":{"line":37,"column":13}},"loc":{"start":{"line":37,"column":18},"end":{"line":41,"column":3}},"line":37},"3":{"name":"(anonymous_3)","decl":{"start":{"line":38,"column":50},"end":{"line":38,"column":51}},"loc":{"start":{"line":38,"column":64},"end":{"line":40,"column":5}},"line":38},"4":{"name":"(anonymous_4)","decl":{"start":{"line":43,"column":22},"end":{"line":43,"column":23}},"loc":{"start":{"line":43,"column":47},"end":{"line":56,"column":3}},"line":43},"5":{"name":"(anonymous_5)","decl":{"start":{"line":46,"column":42},"end":{"line":46,"column":43}},"loc":{"start":{"line":46,"column":52},"end":{"line":51,"column":7}},"line":46},"6":{"name":"(anonymous_6)","decl":{"start":{"line":66,"column":18},"end":{"line":66,"column":19}},"loc":{"start":{"line":67,"column":10},"end":{"line":67,"column":41}},"line":67},"7":{"name":"(anonymous_7)","decl":{"start":{"line":83,"column":32},"end":{"line":83,"column":33}},"loc":{"start":{"line":83,"column":53},"end":{"line":126,"column":13}},"line":83},"8":{"name":"(anonymous_8)","decl":{"start":{"line":97,"column":29},"end":{"line":97,"column":30}},"loc":{"start":{"line":97,"column":35},"end":{"line":120,"column":25}},"line":97},"9":{"name":"(anonymous_9)","decl":{"start":{"line":109,"column":43},"end":{"line":109,"column":44}},"loc":{"start":{"line":109,"column":49},"end":{"line":113,"column":35}},"line":109},"10":{"name":"(anonymous_10)","decl":{"start":{"line":127,"column":24},"end":{"line":127,"column":25}},"loc":{"start":{"line":127,"column":45},"end":{"line":170,"column":13}},"line":127},"11":{"name":"(anonymous_11)","decl":{"start":{"line":141,"column":29},"end":{"line":141,"column":30}},"loc":{"start":{"line":141,"column":35},"end":{"line":164,"column":25}},"line":141},"12":{"name":"(anonymous_12)","decl":{"start":{"line":153,"column":43},"end":{"line":153,"column":44}},"loc":{"start":{"line":153,"column":49},"end":{"line":157,"column":35}},"line":153},"13":{"name":"(anonymous_13)","decl":{"start":{"line":177,"column":21},"end":{"line":177,"column":22}},"loc":{"start":{"line":177,"column":42},"end":{"line":220,"column":9}},"line":177},"14":{"name":"(anonymous_14)","decl":{"start":{"line":191,"column":25},"end":{"line":191,"column":26}},"loc":{"start":{"line":191,"column":31},"end":{"line":214,"column":21}},"line":191},"15":{"name":"(anonymous_15)","decl":{"start":{"line":203,"column":39},"end":{"line":203,"column":40}},"loc":{"start":{"line":203,"column":45},"end":{"line":207,"column":31}},"line":203},"16":{"name":"(anonymous_16)","decl":{"start":{"line":226,"column":21},"end":{"line":226,"column":22}},"loc":{"start":{"line":226,"column":42},"end":{"line":265,"column":9}},"line":226},"17":{"name":"(anonymous_17)","decl":{"start":{"line":240,"column":25},"end":{"line":240,"column":26}},"loc":{"start":{"line":240,"column":31},"end":{"line":259,"column":21}},"line":240},"18":{"name":"(anonymous_18)","decl":{"start":{"line":248,"column":39},"end":{"line":248,"column":40}},"loc":{"start":{"line":248,"column":45},"end":{"line":252,"column":31}},"line":248}},"branchMap":{"0":{"loc":{"start":{"line":45,"column":4},"end":{"line":55,"column":5}},"type":"if","locations":[{"start":{"line":45,"column":4},"end":{"line":55,"column":5}},{"start":{"line":53,"column":11},"end":{"line":55,"column":5}}],"line":45},"1":{"loc":{"start":{"line":82,"column":9},"end":{"line":170,"column":14}},"type":"cond-expr","locations":[{"start":{"line":83,"column":12},"end":{"line":126,"column":14}},{"start":{"line":127,"column":12},"end":{"line":170,"column":14}}],"line":82},"2":{"loc":{"start":{"line":84,"column":14},"end":{"line":125,"column":15}},"type":"if","locations":[{"start":{"line":84,"column":14},"end":{"line":125,"column":15}},{"start":{},"end":{}}],"line":84},"3":{"loc":{"start":{"line":85,"column":16},"end":{"line":124,"column":17}},"type":"if","locations":[{"start":{"line":85,"column":16},"end":{"line":124,"column":17}},{"start":{},"end":{}}],"line":85},"4":{"loc":{"start":{"line":98,"column":26},"end":{"line":119,"column":27}},"type":"if","locations":[{"start":{"line":98,"column":26},"end":{"line":119,"column":27}},{"start":{"line":104,"column":33},"end":{"line":119,"column":27}}],"line":98},"5":{"loc":{"start":{"line":128,"column":14},"end":{"line":169,"column":15}},"type":"if","locations":[{"start":{"line":128,"column":14},"end":{"line":169,"column":15}},{"start":{},"end":{}}],"line":128},"6":{"loc":{"start":{"line":129,"column":16},"end":{"line":168,"column":17}},"type":"if","locations":[{"start":{"line":129,"column":16},"end":{"line":168,"column":17}},{"start":{},"end":{}}],"line":129},"7":{"loc":{"start":{"line":142,"column":26},"end":{"line":163,"column":27}},"type":"if","locations":[{"start":{"line":142,"column":26},"end":{"line":163,"column":27}},{"start":{"line":148,"column":33},"end":{"line":163,"column":27}}],"line":142},"8":{"loc":{"start":{"line":178,"column":10},"end":{"line":219,"column":11}},"type":"if","locations":[{"start":{"line":178,"column":10},"end":{"line":219,"column":11}},{"start":{},"end":{}}],"line":178},"9":{"loc":{"start":{"line":179,"column":12},"end":{"line":218,"column":13}},"type":"if","locations":[{"start":{"line":179,"column":12},"end":{"line":218,"column":13}},{"start":{},"end":{}}],"line":179},"10":{"loc":{"start":{"line":192,"column":22},"end":{"line":213,"column":23}},"type":"if","locations":[{"start":{"line":192,"column":22},"end":{"line":213,"column":23}},{"start":{"line":198,"column":29},"end":{"line":213,"column":23}}],"line":192},"11":{"loc":{"start":{"line":227,"column":10},"end":{"line":264,"column":11}},"type":"if","locations":[{"start":{"line":227,"column":10},"end":{"line":264,"column":11}},{"start":{},"end":{}}],"line":227},"12":{"loc":{"start":{"line":228,"column":12},"end":{"line":263,"column":13}},"type":"if","locations":[{"start":{"line":228,"column":12},"end":{"line":263,"column":13}},{"start":{},"end":{}}],"line":228},"13":{"loc":{"start":{"line":241,"column":22},"end":{"line":258,"column":23}},"type":"if","locations":[{"start":{"line":241,"column":22},"end":{"line":258,"column":23}},{"start":{"line":243,"column":29},"end":{"line":258,"column":23}}],"line":241}},"s":{"0":0,"1":0,"2":0,"3":0,"4":0,"5":0,"6":0,"7":0,"8":0,"9":0,"10":0,"11":0,"12":0,"13":0,"14":0,"15":0,"16":0,"17":0,"18":0,"19":0,"20":0,"21":0,"22":0,"23":0,"24":0,"25":0,"26":0,"27":0,"28":0,"29":0,"30":0,"31":0,"32":0,"33":0,"34":0,"35":0,"36":0,"37":0,"38":0,"39":0,"40":0,"41":0,"42":0,"43":0,"44":0,"45":0,"46":0},"f":{"0":0,"1":0,"2":0,"3":0,"4":0,"5":0,"6":0,"7":0,"8":0,"9":0,"10":0,"11":0,"12":0,"13":0,"14":0,"15":0,"16":0,"17":0,"18":0},"b":{"0":[0,0],"1":[0,0],"2":[0,0],"3":[0,0],"4":[0,0],"5":[0,0],"6":[0,0],"7":[0,0],"8":[0,0],"9":[0,0],"10":[0,0],"11":[0,0],"12":[0,0],"13":[0,0]}}
,"/home/syedq/Desktop/Blinkist/blinkist/src/components/pages/MyLibraryPage.tsx": {"path":"/home/syedq/Desktop/Blinkist/blinkist/src/components/pages/MyLibraryPage.tsx","statementMap":{"0":{"start":{"line":8,"column":22},"end":{"line":17,"column":1}},"1":{"start":{"line":9,"column":2},"end":{"line":16,"column":4}}},"fnMap":{"0":{"name":"(anonymous_0)","decl":{"start":{"line":8,"column":22},"end":{"line":8,"column":23}},"loc":{"start":{"line":8,"column":28},"end":{"line":17,"column":1}},"line":8}},"branchMap":{},"s":{"0":0,"1":0},"f":{"0":0},"b":{}}
}
